
  .   ____          _            __ _ _
 /\\ / ___'_ __ _ _(_)_ __  __ _ \ \ \ \
( ( )\___ | '_ | '_| | '_ \/ _` | \ \ \ \
 \\/  ___)| |_)| | | | | || (_| |  ) ) ) )
  '  |____| .__|_| |_|_| |_\__, | / / / /
 =========|_|==============|___/=/_/_/_/
 :: Spring Boot ::               (v2.7.16)

2025-04-12 14:39:59.144  INFO 6688 --- [           main] com.example.ShareItApplication           : Starting ShareItApplication v0.0.1-SNAPSHOT using Java 21.0.6 on 5c25177764a1 with PID 6688 (/home/workspace/my-project/target/ShareIt.jar started by root in /home/workspace/my-project)
2025-04-12 14:39:59.146  INFO 6688 --- [           main] com.example.ShareItApplication           : No active profile set, falling back to 1 default profile: "default"
2025-04-12 14:39:59.842  INFO 6688 --- [           main] .s.d.r.c.RepositoryConfigurationDelegate : Bootstrapping Spring Data MongoDB repositories in DEFAULT mode.
2025-04-12 14:39:59.882  INFO 6688 --- [           main] .s.d.r.c.RepositoryConfigurationDelegate : Finished Spring Data repository scanning in 35 ms. Found 1 MongoDB repository interfaces.
2025-04-12 14:40:00.473  INFO 6688 --- [           main] o.s.b.w.embedded.tomcat.TomcatWebServer  : Tomcat initialized with port(s): 8080 (http)
2025-04-12 14:40:00.481  INFO 6688 --- [           main] o.apache.catalina.core.StandardService   : Starting service [Tomcat]
2025-04-12 14:40:00.481  INFO 6688 --- [           main] org.apache.catalina.core.StandardEngine  : Starting Servlet engine: [Apache Tomcat/9.0.80]
2025-04-12 14:40:00.543  INFO 6688 --- [           main] o.a.c.c.C.[Tomcat].[localhost].[/]       : Initializing Spring embedded WebApplicationContext
2025-04-12 14:40:00.543  INFO 6688 --- [           main] w.s.c.ServletWebServerApplicationContext : Root WebApplicationContext: initialization completed in 1313 ms
2025-04-12 14:40:00.842  INFO 6688 --- [           main] o.s.b.a.w.s.WelcomePageHandlerMapping    : Adding welcome page template: index
2025-04-12 14:40:01.127  INFO 6688 --- [           main] org.mongodb.driver.client                : MongoClient with metadata {"driver": {"name": "mongo-java-driver|sync|spring-boot", "version": "4.6.1"}, "os": {"type": "Linux", "name": "Linux", "architecture": "aarch64", "version": "6.8.0-1021-azure"}, "platform": "Java/Ubuntu/21.0.6+7-Ubuntu-122.04.1", "application": {"name": "UserData"}} created with settings MongoClientSettings{readPreference=primary, writeConcern=WriteConcern{w=majority, wTimeout=null ms, journal=null}, retryWrites=true, retryReads=true, readConcern=ReadConcern{level=null}, credential=MongoCredential{mechanism=null, userName='guptavansh2404', source='admin', password=<hidden>, mechanismProperties=<hidden>}, streamFactoryFactory=null, commandListeners=[], codecRegistry=ProvidersCodecRegistry{codecProviders=[ValueCodecProvider{}, BsonValueCodecProvider{}, DBRefCodecProvider{}, DBObjectCodecProvider{}, DocumentCodecProvider{}, IterableCodecProvider{}, MapCodecProvider{}, GeoJsonCodecProvider{}, GridFSFileCodecProvider{}, Jsr310CodecProvider{}, JsonObjectCodecProvider{}, BsonCodecProvider{}, EnumCodecProvider{}, com.mongodb.Jep395RecordCodecProvider@4602c2a9]}, clusterSettings={hosts=[127.0.0.1:27017], srvHost=userdata.jshispj.mongodb.net, srvServiceName=mongodb, mode=MULTIPLE, requiredClusterType=REPLICA_SET, requiredReplicaSetName='atlas-d492sx-shard-0', serverSelector='null', clusterListeners='[]', serverSelectionTimeout='30000 ms', localThreshold='30000 ms'}, socketSettings=SocketSettings{connectTimeoutMS=10000, readTimeoutMS=0, receiveBufferSize=0, sendBufferSize=0}, heartbeatSocketSettings=SocketSettings{connectTimeoutMS=10000, readTimeoutMS=10000, receiveBufferSize=0, sendBufferSize=0}, connectionPoolSettings=ConnectionPoolSettings{maxSize=100, minSize=0, maxWaitTimeMS=120000, maxConnectionLifeTimeMS=0, maxConnectionIdleTimeMS=0, maintenanceInitialDelayMS=0, maintenanceFrequencyMS=60000, connectionPoolListeners=[], maxConnecting=2}, serverSettings=ServerSettings{heartbeatFrequencyMS=10000, minHeartbeatFrequencyMS=500, serverListeners='[]', serverMonitorListeners='[]'}, sslSettings=SslSettings{enabled=true, invalidHostNameAllowed=false, context=null}, applicationName='UserData', compressorList=[], uuidRepresentation=JAVA_LEGACY, serverApi=null, autoEncryptionSettings=null, contextProvider=null}
2025-04-12 14:40:01.300  INFO 6688 --- [spj.mongodb.net] org.mongodb.driver.cluster               : Adding discovered server ac-5iklpph-shard-00-00.jshispj.mongodb.net:27017 to client view of cluster
2025-04-12 14:40:01.325  INFO 6688 --- [spj.mongodb.net] org.mongodb.driver.cluster               : Adding discovered server ac-5iklpph-shard-00-02.jshispj.mongodb.net:27017 to client view of cluster
2025-04-12 14:40:01.326  INFO 6688 --- [spj.mongodb.net] org.mongodb.driver.cluster               : Adding discovered server ac-5iklpph-shard-00-01.jshispj.mongodb.net:27017 to client view of cluster
2025-04-12 14:40:01.642  INFO 6688 --- [           main] o.s.b.w.embedded.tomcat.TomcatWebServer  : Tomcat started on port(s): 8080 (http) with context path ''
2025-04-12 14:40:01.650  INFO 6688 --- [           main] com.example.ShareItApplication           : Started ShareItApplication in 2.935 seconds (JVM running for 3.386)
2025-04-12 14:40:01.849  INFO 6688 --- [ngodb.net:27017] org.mongodb.driver.connection            : Opened connection [connectionId{localValue:5, serverValue:57594}] to ac-5iklpph-shard-00-02.jshispj.mongodb.net:27017
2025-04-12 14:40:01.849  INFO 6688 --- [ngodb.net:27017] org.mongodb.driver.connection            : Opened connection [connectionId{localValue:2, serverValue:53227}] to ac-5iklpph-shard-00-00.jshispj.mongodb.net:27017
2025-04-12 14:40:01.849  INFO 6688 --- [ngodb.net:27017] org.mongodb.driver.connection            : Opened connection [connectionId{localValue:3, serverValue:57594}] to ac-5iklpph-shard-00-02.jshispj.mongodb.net:27017
2025-04-12 14:40:01.849  INFO 6688 --- [ngodb.net:27017] org.mongodb.driver.connection            : Opened connection [connectionId{localValue:6, serverValue:52702}] to ac-5iklpph-shard-00-01.jshispj.mongodb.net:27017
2025-04-12 14:40:01.849  INFO 6688 --- [ngodb.net:27017] org.mongodb.driver.connection            : Opened connection [connectionId{localValue:1, serverValue:53225}] to ac-5iklpph-shard-00-00.jshispj.mongodb.net:27017
2025-04-12 14:40:01.849  INFO 6688 --- [ngodb.net:27017] org.mongodb.driver.connection            : Opened connection [connectionId{localValue:4, serverValue:52702}] to ac-5iklpph-shard-00-01.jshispj.mongodb.net:27017
2025-04-12 14:40:01.850  INFO 6688 --- [ngodb.net:27017] org.mongodb.driver.cluster               : Monitor thread successfully connected to server with description ServerDescription{address=ac-5iklpph-shard-00-00.jshispj.mongodb.net:27017, type=REPLICA_SET_SECONDARY, state=CONNECTED, ok=true, minWireVersion=0, maxWireVersion=25, maxDocumentSize=16777216, logicalSessionTimeoutMinutes=30, roundTripTimeNanos=296404691, setName='atlas-d492sx-shard-0', canonicalAddress=ac-5iklpph-shard-00-00.jshispj.mongodb.net:27017, hosts=[ac-5iklpph-shard-00-00.jshispj.mongodb.net:27017, ac-5iklpph-shard-00-02.jshispj.mongodb.net:27017, ac-5iklpph-shard-00-01.jshispj.mongodb.net:27017], passives=[], arbiters=[], primary='ac-5iklpph-shard-00-02.jshispj.mongodb.net:27017', tagSet=TagSet{[Tag{name='availabilityZone', value='aps1-az1'}, Tag{name='diskState', value='READY'}, Tag{name='nodeType', value='ELECTABLE'}, Tag{name='provider', value='AWS'}, Tag{name='region', value='AP_SOUTH_1'}, Tag{name='workloadType', value='OPERATIONAL'}]}, electionId=null, setVersion=202, topologyVersion=TopologyVersion{processId=67f897da2ae079e440575a57, counter=5}, lastWriteDate=Sat Apr 12 14:40:01 GMT 2025, lastUpdateTimeNanos=5388012976384146}
2025-04-12 14:40:01.850  INFO 6688 --- [ngodb.net:27017] org.mongodb.driver.cluster               : Monitor thread successfully connected to server with description ServerDescription{address=ac-5iklpph-shard-00-01.jshispj.mongodb.net:27017, type=REPLICA_SET_SECONDARY, state=CONNECTED, ok=true, minWireVersion=0, maxWireVersion=25, maxDocumentSize=16777216, logicalSessionTimeoutMinutes=30, roundTripTimeNanos=295987517, setName='atlas-d492sx-shard-0', canonicalAddress=ac-5iklpph-shard-00-01.jshispj.mongodb.net:27017, hosts=[ac-5iklpph-shard-00-00.jshispj.mongodb.net:27017, ac-5iklpph-shard-00-02.jshispj.mongodb.net:27017, ac-5iklpph-shard-00-01.jshispj.mongodb.net:27017], passives=[], arbiters=[], primary='ac-5iklpph-shard-00-02.jshispj.mongodb.net:27017', tagSet=TagSet{[Tag{name='availabilityZone', value='aps1-az3'}, Tag{name='diskState', value='READY'}, Tag{name='nodeType', value='ELECTABLE'}, Tag{name='provider', value='AWS'}, Tag{name='region', value='AP_SOUTH_1'}, Tag{name='workloadType', value='OPERATIONAL'}]}, electionId=null, setVersion=202, topologyVersion=TopologyVersion{processId=67f89914afbec4a2397125e3, counter=5}, lastWriteDate=Sat Apr 12 14:40:01 GMT 2025, lastUpdateTimeNanos=5388012976384354}
2025-04-12 14:40:01.850  INFO 6688 --- [ngodb.net:27017] org.mongodb.driver.cluster               : Monitor thread successfully connected to server with description ServerDescription{address=ac-5iklpph-shard-00-02.jshispj.mongodb.net:27017, type=REPLICA_SET_PRIMARY, state=CONNECTED, ok=true, minWireVersion=0, maxWireVersion=25, maxDocumentSize=16777216, logicalSessionTimeoutMinutes=30, roundTripTimeNanos=298840061, setName='atlas-d492sx-shard-0', canonicalAddress=ac-5iklpph-shard-00-02.jshispj.mongodb.net:27017, hosts=[ac-5iklpph-shard-00-00.jshispj.mongodb.net:27017, ac-5iklpph-shard-00-02.jshispj.mongodb.net:27017, ac-5iklpph-shard-00-01.jshispj.mongodb.net:27017], passives=[], arbiters=[], primary='ac-5iklpph-shard-00-02.jshispj.mongodb.net:27017', tagSet=TagSet{[Tag{name='availabilityZone', value='aps1-az2'}, Tag{name='diskState', value='READY'}, Tag{name='nodeType', value='ELECTABLE'}, Tag{name='provider', value='AWS'}, Tag{name='region', value='AP_SOUTH_1'}, Tag{name='workloadType', value='OPERATIONAL'}]}, electionId=7fffffff00000000000000c0, setVersion=202, topologyVersion=TopologyVersion{processId=67f8968149bee25a8b025527, counter=9}, lastWriteDate=Sat Apr 12 14:40:01 GMT 2025, lastUpdateTimeNanos=5388012976384626}
2025-04-12 14:40:01.852  INFO 6688 --- [ngodb.net:27017] org.mongodb.driver.cluster               : Setting max election id to 7fffffff00000000000000c0 from replica set primary ac-5iklpph-shard-00-02.jshispj.mongodb.net:27017
2025-04-12 14:40:01.853  INFO 6688 --- [ngodb.net:27017] org.mongodb.driver.cluster               : Setting max set version to 202 from replica set primary ac-5iklpph-shard-00-02.jshispj.mongodb.net:27017
2025-04-12 14:40:01.853  INFO 6688 --- [ngodb.net:27017] org.mongodb.driver.cluster               : Discovered replica set primary ac-5iklpph-shard-00-02.jshispj.mongodb.net:27017

  .   ____          _            __ _ _
 /\\ / ___'_ __ _ _(_)_ __  __ _ \ \ \ \
( ( )\___ | '_ | '_| | '_ \/ _` | \ \ \ \
 \\/  ___)| |_)| | | | | || (_| |  ) ) ) )
  '  |____| .__|_| |_|_| |_\__, | / / / /
 =========|_|==============|___/=/_/_/_/
 :: Spring Boot ::               (v2.7.16)

2025-04-12 15:08:39.541  INFO 13209 --- [           main] com.example.ShareItApplication           : Starting ShareItApplication v0.0.1-SNAPSHOT using Java 21.0.6 on 5c25177764a1 with PID 13209 (/home/workspace/my-project/target/ShareIt.jar started by root in /home/workspace/my-project)
2025-04-12 15:08:39.544  INFO 13209 --- [           main] com.example.ShareItApplication           : No active profile set, falling back to 1 default profile: "default"
2025-04-12 15:08:40.269  INFO 13209 --- [           main] .s.d.r.c.RepositoryConfigurationDelegate : Bootstrapping Spring Data MongoDB repositories in DEFAULT mode.
2025-04-12 15:08:40.317  INFO 13209 --- [           main] .s.d.r.c.RepositoryConfigurationDelegate : Finished Spring Data repository scanning in 43 ms. Found 1 MongoDB repository interfaces.
2025-04-12 15:08:40.904  INFO 13209 --- [           main] o.s.b.w.embedded.tomcat.TomcatWebServer  : Tomcat initialized with port(s): 8080 (http)
2025-04-12 15:08:40.912  INFO 13209 --- [           main] o.apache.catalina.core.StandardService   : Starting service [Tomcat]
2025-04-12 15:08:40.912  INFO 13209 --- [           main] org.apache.catalina.core.StandardEngine  : Starting Servlet engine: [Apache Tomcat/9.0.80]
2025-04-12 15:08:40.970  INFO 13209 --- [           main] o.a.c.c.C.[Tomcat].[localhost].[/]       : Initializing Spring embedded WebApplicationContext
2025-04-12 15:08:40.970  INFO 13209 --- [           main] w.s.c.ServletWebServerApplicationContext : Root WebApplicationContext: initialization completed in 1338 ms
2025-04-12 15:08:41.271  INFO 13209 --- [           main] o.s.b.a.w.s.WelcomePageHandlerMapping    : Adding welcome page template: index
2025-04-12 15:08:41.531  INFO 13209 --- [           main] org.mongodb.driver.client                : MongoClient with metadata {"driver": {"name": "mongo-java-driver|sync|spring-boot", "version": "4.6.1"}, "os": {"type": "Linux", "name": "Linux", "architecture": "aarch64", "version": "6.8.0-1021-azure"}, "platform": "Java/Ubuntu/21.0.6+7-Ubuntu-122.04.1", "application": {"name": "UserData"}} created with settings MongoClientSettings{readPreference=primary, writeConcern=WriteConcern{w=majority, wTimeout=null ms, journal=null}, retryWrites=true, retryReads=true, readConcern=ReadConcern{level=null}, credential=MongoCredential{mechanism=null, userName='guptavansh2404', source='admin', password=<hidden>, mechanismProperties=<hidden>}, streamFactoryFactory=null, commandListeners=[], codecRegistry=ProvidersCodecRegistry{codecProviders=[ValueCodecProvider{}, BsonValueCodecProvider{}, DBRefCodecProvider{}, DBObjectCodecProvider{}, DocumentCodecProvider{}, IterableCodecProvider{}, MapCodecProvider{}, GeoJsonCodecProvider{}, GridFSFileCodecProvider{}, Jsr310CodecProvider{}, JsonObjectCodecProvider{}, BsonCodecProvider{}, EnumCodecProvider{}, com.mongodb.Jep395RecordCodecProvider@4602c2a9]}, clusterSettings={hosts=[127.0.0.1:27017], srvHost=userdata.jshispj.mongodb.net, srvServiceName=mongodb, mode=MULTIPLE, requiredClusterType=REPLICA_SET, requiredReplicaSetName='atlas-d492sx-shard-0', serverSelector='null', clusterListeners='[]', serverSelectionTimeout='30000 ms', localThreshold='30000 ms'}, socketSettings=SocketSettings{connectTimeoutMS=10000, readTimeoutMS=0, receiveBufferSize=0, sendBufferSize=0}, heartbeatSocketSettings=SocketSettings{connectTimeoutMS=10000, readTimeoutMS=10000, receiveBufferSize=0, sendBufferSize=0}, connectionPoolSettings=ConnectionPoolSettings{maxSize=100, minSize=0, maxWaitTimeMS=120000, maxConnectionLifeTimeMS=0, maxConnectionIdleTimeMS=0, maintenanceInitialDelayMS=0, maintenanceFrequencyMS=60000, connectionPoolListeners=[], maxConnecting=2}, serverSettings=ServerSettings{heartbeatFrequencyMS=10000, minHeartbeatFrequencyMS=500, serverListeners='[]', serverMonitorListeners='[]'}, sslSettings=SslSettings{enabled=true, invalidHostNameAllowed=false, context=null}, applicationName='UserData', compressorList=[], uuidRepresentation=JAVA_LEGACY, serverApi=null, autoEncryptionSettings=null, contextProvider=null}
2025-04-12 15:08:41.683  INFO 13209 --- [spj.mongodb.net] org.mongodb.driver.cluster               : Adding discovered server ac-5iklpph-shard-00-00.jshispj.mongodb.net:27017 to client view of cluster
2025-04-12 15:08:41.702  INFO 13209 --- [spj.mongodb.net] org.mongodb.driver.cluster               : Adding discovered server ac-5iklpph-shard-00-02.jshispj.mongodb.net:27017 to client view of cluster
2025-04-12 15:08:41.703  INFO 13209 --- [spj.mongodb.net] org.mongodb.driver.cluster               : Adding discovered server ac-5iklpph-shard-00-01.jshispj.mongodb.net:27017 to client view of cluster
2025-04-12 15:08:42.147  WARN 13209 --- [           main] ConfigServletWebServerApplicationContext : Exception encountered during context initialization - cancelling refresh attempt: org.springframework.context.ApplicationContextException: Failed to start bean 'webServerStartStop'; nested exception is org.springframework.boot.web.server.PortInUseException: Port 8080 is already in use
2025-04-12 15:08:42.211  INFO 13209 --- [           main] o.apache.catalina.core.StandardService   : Stopping service [Tomcat]
2025-04-12 15:08:42.221  INFO 13209 --- [           main] ConditionEvaluationReportLoggingListener : 

Error starting ApplicationContext. To display the conditions report re-run your application with 'debug' enabled.
2025-04-12 15:08:42.235 ERROR 13209 --- [           main] o.s.b.d.LoggingFailureAnalysisReporter   : 

***************************
APPLICATION FAILED TO START
***************************

Description:

Web server failed to start. Port 8080 was already in use.

Action:

Identify and stop the process that's listening on port 8080 or configure this application to listen on another port.

2025-04-12 15:09:08.779  INFO 6688 --- [nio-8080-exec-1] o.a.c.c.C.[Tomcat].[localhost].[/]       : Initializing Spring DispatcherServlet 'dispatcherServlet'
2025-04-12 15:09:08.779  INFO 6688 --- [nio-8080-exec-1] o.s.web.servlet.DispatcherServlet        : Initializing Servlet 'dispatcherServlet'
2025-04-12 15:09:08.780  INFO 6688 --- [nio-8080-exec-1] o.s.web.servlet.DispatcherServlet        : Completed initialization in 1 ms
